2021-07-21 00:27:37,241 [main] INFO  io.web.library.LibraryApplication                  - Starting LibraryApplication using Java 15.0.1 on LAPTOP-T9UP22I0 with PID 16228 (C:\Users\37533\IDEAPROJECTS\library\target\classes started by I'm in C:\Users\37533\IDEAPROJECTS\library)
2021-07-21 00:27:37,309 [main] INFO  io.web.library.LibraryApplication                  - The following profiles are active: @spring.profiles.active@
2021-07-21 00:27:37,559 [background-preinit] WARN  o.s.h.c.json.Jackson2ObjectMapperBuilder           - For Jackson Kotlin classes support please add "com.fasterxml.jackson.module:jackson-module-kotlin" to the classpath
2021-07-21 00:27:40,313 [main] INFO  o.s.d.r.c.RepositoryConfigurationDelegate          - Bootstrapping Spring Data JPA repositories in DEFAULT mode.
2021-07-21 00:27:40,581 [main] INFO  o.s.d.r.c.RepositoryConfigurationDelegate          - Finished Spring Data repository scanning in 243 ms. Found 2 JPA repository interfaces.
2021-07-21 00:27:41,400 [main] INFO  o.s.c.s.PostProcessorRegistrationDelegate$BeanPostProcessorChecker - Bean 'management.metrics-org.springframework.boot.actuate.autoconfigure.metrics.MetricsProperties' of type [org.springframework.boot.actuate.autoconfigure.metrics.MetricsProperties] is not eligible for getting processed by all BeanPostProcessors (for example: not eligible for auto-proxying)
2021-07-21 00:27:41,403 [main] INFO  o.s.c.s.PostProcessorRegistrationDelegate$BeanPostProcessorChecker - Bean 'org.springframework.boot.actuate.autoconfigure.metrics.data.RepositoryMetricsAutoConfiguration' of type [org.springframework.boot.actuate.autoconfigure.metrics.data.RepositoryMetricsAutoConfiguration] is not eligible for getting processed by all BeanPostProcessors (for example: not eligible for auto-proxying)
2021-07-21 00:27:41,407 [main] INFO  o.s.c.s.PostProcessorRegistrationDelegate$BeanPostProcessorChecker - Bean 'org.springframework.boot.actuate.autoconfigure.metrics.export.simple.SimpleMetricsExportAutoConfiguration' of type [org.springframework.boot.actuate.autoconfigure.metrics.export.simple.SimpleMetricsExportAutoConfiguration] is not eligible for getting processed by all BeanPostProcessors (for example: not eligible for auto-proxying)
2021-07-21 00:27:41,413 [main] INFO  o.s.c.s.PostProcessorRegistrationDelegate$BeanPostProcessorChecker - Bean 'management.metrics.export.simple-org.springframework.boot.actuate.autoconfigure.metrics.export.simple.SimpleProperties' of type [org.springframework.boot.actuate.autoconfigure.metrics.export.simple.SimpleProperties] is not eligible for getting processed by all BeanPostProcessors (for example: not eligible for auto-proxying)
2021-07-21 00:27:41,421 [main] INFO  o.s.c.s.PostProcessorRegistrationDelegate$BeanPostProcessorChecker - Bean 'simpleConfig' of type [org.springframework.boot.actuate.autoconfigure.metrics.export.simple.SimplePropertiesConfigAdapter] is not eligible for getting processed by all BeanPostProcessors (for example: not eligible for auto-proxying)
2021-07-21 00:27:41,428 [main] INFO  o.s.c.s.PostProcessorRegistrationDelegate$BeanPostProcessorChecker - Bean 'org.springframework.boot.actuate.autoconfigure.metrics.MetricsAutoConfiguration' of type [org.springframework.boot.actuate.autoconfigure.metrics.MetricsAutoConfiguration] is not eligible for getting processed by all BeanPostProcessors (for example: not eligible for auto-proxying)
2021-07-21 00:27:41,431 [main] INFO  o.s.c.s.PostProcessorRegistrationDelegate$BeanPostProcessorChecker - Bean 'micrometerClock' of type [io.micrometer.core.instrument.Clock$1] is not eligible for getting processed by all BeanPostProcessors (for example: not eligible for auto-proxying)
2021-07-21 00:27:41,468 [main] INFO  o.s.c.s.PostProcessorRegistrationDelegate$BeanPostProcessorChecker - Bean 'simpleMeterRegistry' of type [io.micrometer.core.instrument.simple.SimpleMeterRegistry] is not eligible for getting processed by all BeanPostProcessors (for example: not eligible for auto-proxying)
2021-07-21 00:27:41,476 [main] INFO  o.s.c.s.PostProcessorRegistrationDelegate$BeanPostProcessorChecker - Bean 'repositoryTagsProvider' of type [org.springframework.boot.actuate.metrics.data.DefaultRepositoryTagsProvider] is not eligible for getting processed by all BeanPostProcessors (for example: not eligible for auto-proxying)
2021-07-21 00:27:41,478 [main] INFO  o.s.c.s.PostProcessorRegistrationDelegate$BeanPostProcessorChecker - Bean 'metricsRepositoryMethodInvocationListener' of type [org.springframework.boot.actuate.metrics.data.MetricsRepositoryMethodInvocationListener] is not eligible for getting processed by all BeanPostProcessors (for example: not eligible for auto-proxying)
2021-07-21 00:27:41,959 [main] INFO  o.s.b.w.embedded.tomcat.TomcatWebServer            - Tomcat initialized with port(s): 8080 (http)
2021-07-21 00:27:41,978 [main] INFO  o.apache.coyote.http11.Http11NioProtocol           - Initializing ProtocolHandler ["http-nio-8080"]
2021-07-21 00:27:41,980 [main] INFO  org.apache.catalina.core.StandardService           - Starting service [Tomcat]
2021-07-21 00:27:41,980 [main] INFO  org.apache.catalina.core.StandardEngine            - Starting Servlet engine: [Apache Tomcat/9.0.46]
2021-07-21 00:27:42,503 [main] INFO  o.a.c.c.C.[Tomcat].[localhost].[/]                 - Initializing Spring embedded WebApplicationContext
2021-07-21 00:27:42,504 [main] INFO  o.s.b.w.s.c.ServletWebServerApplicationContext     - Root WebApplicationContext: initialization completed in 5073 ms
2021-07-21 00:27:42,955 [main] DEBUG o.s.w.filter.CommonsRequestLoggingFilter           - Filter 'loggingFilter' configured for use
2021-07-21 00:27:43,262 [main] INFO  o.hibernate.jpa.internal.util.LogHelper            - HHH000204: Processing PersistenceUnitInfo [name: default]
2021-07-21 00:27:43,382 [main] INFO  org.hibernate.Version                              - HHH000412: Hibernate ORM core version 5.4.31.Final
2021-07-21 00:27:43,705 [main] INFO  org.hibernate.annotations.common.Version           - HCANN000001: Hibernate Commons Annotations {5.1.2.Final}
2021-07-21 00:27:43,937 [main] INFO  com.zaxxer.hikari.HikariDataSource                 - HikariPool-1 - Starting...
2021-07-21 00:27:47,091 [main] INFO  com.zaxxer.hikari.HikariDataSource                 - HikariPool-1 - Start completed.
2021-07-21 00:27:47,137 [main] INFO  org.hibernate.dialect.Dialect                      - HHH000400: Using dialect: org.hibernate.dialect.MySQL55Dialect
2021-07-21 00:27:54,054 [main] INFO  o.h.e.t.j.p.i.JtaPlatformInitiator                 - HHH000490: Using JtaPlatform implementation: [org.hibernate.engine.transaction.jta.platform.internal.NoJtaPlatform]
2021-07-21 00:27:54,072 [main] INFO  o.s.o.j.LocalContainerEntityManagerFactoryBean     - Initialized JPA EntityManagerFactory for persistence unit 'default'
2021-07-21 00:27:54,216 [main] WARN  o.s.b.a.o.j.JpaBaseConfiguration$JpaWebConfiguration - spring.jpa.open-in-view is enabled by default. Therefore, database queries may be performed during view rendering. Explicitly configure spring.jpa.open-in-view to disable this warning
2021-07-21 00:27:55,233 [main] INFO  o.s.s.web.DefaultSecurityFilterChain               - Will secure any request with [org.springframework.security.web.context.request.async.WebAsyncManagerIntegrationFilter@5feb8e9a, org.springframework.security.web.context.SecurityContextPersistenceFilter@729c98, org.springframework.security.web.header.HeaderWriterFilter@739be7ec, org.springframework.security.web.csrf.CsrfFilter@4d071e4b, org.springframework.security.web.authentication.logout.LogoutFilter@3d763ae5, org.springframework.security.web.authentication.UsernamePasswordAuthenticationFilter@65b69ccb, org.springframework.security.web.authentication.ui.DefaultLoginPageGeneratingFilter@1f86f7da, org.springframework.security.web.authentication.ui.DefaultLogoutPageGeneratingFilter@6d5d1204, org.springframework.security.web.savedrequest.RequestCacheAwareFilter@2daf0cc9, org.springframework.security.web.servletapi.SecurityContextHolderAwareRequestFilter@29ce33e9, org.springframework.security.web.authentication.AnonymousAuthenticationFilter@1784a296, org.springframework.security.web.session.SessionManagementFilter@4d0d568f, org.springframework.security.web.access.ExceptionTranslationFilter@1a99692, org.springframework.security.web.access.intercept.FilterSecurityInterceptor@3833897c]
2021-07-21 00:27:55,597 [main] INFO  o.s.b.a.w.s.WelcomePageHandlerMapping              - Adding welcome page template: index
2021-07-21 00:27:57,342 [main] INFO  o.s.b.a.e.web.EndpointLinksResolver                - Exposing 1 endpoint(s) beneath base path '/actuator'
2021-07-21 00:27:57,426 [main] INFO  o.apache.coyote.http11.Http11NioProtocol           - Starting ProtocolHandler ["http-nio-8080"]
2021-07-21 00:27:57,473 [main] INFO  o.s.b.w.embedded.tomcat.TomcatWebServer            - Tomcat started on port(s): 8080 (http) with context path ''
2021-07-21 00:27:57,509 [main] INFO  io.web.library.LibraryApplication                  - Started LibraryApplication in 21.702 seconds (JVM running for 24.545)
2021-07-21 00:27:57,525 [main] INFO  o.s.b.a.ApplicationAvailabilityBean                - Application availability state LivenessState changed to CORRECT
2021-07-21 00:27:57,529 [main] INFO  o.s.b.a.ApplicationAvailabilityBean                - Application availability state ReadinessState changed to ACCEPTING_TRAFFIC
2021-07-21 00:27:58,052 [RMI TCP Connection(6)-192.168.100.2] INFO  o.a.c.c.C.[Tomcat].[localhost].[/]                 - Initializing Spring DispatcherServlet 'dispatcherServlet'
2021-07-21 00:27:58,052 [RMI TCP Connection(6)-192.168.100.2] INFO  o.s.web.servlet.DispatcherServlet                  - Initializing Servlet 'dispatcherServlet'
2021-07-21 00:27:58,056 [RMI TCP Connection(6)-192.168.100.2] INFO  o.s.web.servlet.DispatcherServlet                  - Completed initialization in 4 ms
2021-07-21 00:29:23,322 [http-nio-8080-exec-1] TRACE org.zalando.logbook.Logbook                        - {"origin":"remote","type":"request","correlation":"9bb0e03b696b764c","protocol":"HTTP/1.1","remote":"0:0:0:0:0:0:0:1","method":"GET","uri":"http://localhost:8080/","headers":{"accept":["text/html,application/xhtml+xml,application/xml;q=0.9,image/avif,image/webp,image/apng,*/*;q=0.8,application/signed-exchange;v=b3;q=0.9"],"accept-encoding":["gzip, deflate, br"],"accept-language":["ru-RU,ru;q=0.9,en-US;q=0.8,en;q=0.7"],"connection":["keep-alive"],"cookie":["Idea-2a1fd8ec=62330cb7-22d1-4ac9-822c-ba9e5b5293a0; Idea-2a1fd52d=78cede7f-bd77-49e0-838f-6aa5ac3ea8bf; JSESSIONID=0C31297E73E5C0138C519C007209BE79"],"host":["localhost:8080"],"sec-ch-ua":["\" Not;A Brand\";v=\"99\", \"Google Chrome\";v=\"91\", \"Chromium\";v=\"91\""],"sec-ch-ua-mobile":["?0"],"sec-fetch-dest":["document"],"sec-fetch-mode":["navigate"],"sec-fetch-site":["none"],"sec-fetch-user":["?1"],"upgrade-insecure-requests":["1"],"user-agent":["Mozilla/5.0 (Windows NT 10.0; Win64; x64) AppleWebKit/537.36 (KHTML, like Gecko) Chrome/91.0.4472.124 Safari/537.36"]}}
2021-07-21 00:29:23,327 [http-nio-8080-exec-1] DEBUG o.s.w.filter.CommonsRequestLoggingFilter           - Before request [GET /]
2021-07-21 00:29:23,436 [http-nio-8080-exec-1] DEBUG o.s.w.filter.CommonsRequestLoggingFilter           - REQUEST DATA: GET /]
2021-07-21 00:29:23,448 [http-nio-8080-exec-1] TRACE org.zalando.logbook.Logbook                        - {"origin":"local","type":"response","correlation":"9bb0e03b696b764c","duration":189,"protocol":"HTTP/1.1","status":404,"headers":{"Cache-Control":["no-cache, no-store, max-age=0, must-revalidate"],"Expires":["0"],"Pragma":["no-cache"],"Vary":["Origin","Access-Control-Request-Method","Access-Control-Request-Headers"],"X-Content-Type-Options":["nosniff"],"X-Frame-Options":["DENY"],"X-XSS-Protection":["1; mode=block"]}}
2021-07-21 00:29:56,600 [http-nio-8080-exec-4] TRACE org.zalando.logbook.Logbook                        - {"origin":"remote","type":"request","correlation":"86351430cece8a65","protocol":"HTTP/1.1","remote":"0:0:0:0:0:0:0:1","method":"GET","uri":"http://localhost:8080/","headers":{"accept":["text/html,application/xhtml+xml,application/xml;q=0.9,image/avif,image/webp,image/apng,*/*;q=0.8,application/signed-exchange;v=b3;q=0.9"],"accept-encoding":["gzip, deflate, br"],"accept-language":["ru-RU,ru;q=0.9,en-US;q=0.8,en;q=0.7"],"cache-control":["max-age=0"],"connection":["keep-alive"],"cookie":["Idea-2a1fd8ec=62330cb7-22d1-4ac9-822c-ba9e5b5293a0; Idea-2a1fd52d=78cede7f-bd77-49e0-838f-6aa5ac3ea8bf; JSESSIONID=0C31297E73E5C0138C519C007209BE79"],"host":["localhost:8080"],"sec-ch-ua":["\" Not;A Brand\";v=\"99\", \"Google Chrome\";v=\"91\", \"Chromium\";v=\"91\""],"sec-ch-ua-mobile":["?0"],"sec-fetch-dest":["document"],"sec-fetch-mode":["navigate"],"sec-fetch-site":["none"],"sec-fetch-user":["?1"],"upgrade-insecure-requests":["1"],"user-agent":["Mozilla/5.0 (Windows NT 10.0; Win64; x64) AppleWebKit/537.36 (KHTML, like Gecko) Chrome/91.0.4472.124 Safari/537.36"]}}
2021-07-21 00:29:56,601 [http-nio-8080-exec-4] DEBUG o.s.w.filter.CommonsRequestLoggingFilter           - Before request [GET /]
2021-07-21 00:29:56,613 [http-nio-8080-exec-4] DEBUG o.s.w.filter.CommonsRequestLoggingFilter           - REQUEST DATA: GET /]
2021-07-21 00:29:56,614 [http-nio-8080-exec-4] TRACE org.zalando.logbook.Logbook                        - {"origin":"local","type":"response","correlation":"86351430cece8a65","duration":15,"protocol":"HTTP/1.1","status":404,"headers":{"Cache-Control":["no-cache, no-store, max-age=0, must-revalidate"],"Expires":["0"],"Pragma":["no-cache"],"Vary":["Origin","Access-Control-Request-Method","Access-Control-Request-Headers"],"X-Content-Type-Options":["nosniff"],"X-Frame-Options":["DENY"],"X-XSS-Protection":["1; mode=block"]}}
2021-07-21 00:31:01,938 [main] INFO  io.web.library.LibraryApplication                  - Starting LibraryApplication using Java 15.0.1 on LAPTOP-T9UP22I0 with PID 17176 (C:\Users\37533\IDEAPROJECTS\library\target\classes started by I'm in C:\Users\37533\IDEAPROJECTS\library)
2021-07-21 00:31:01,944 [main] INFO  io.web.library.LibraryApplication                  - The following profiles are active: @spring.profiles.active@
2021-07-21 00:31:02,154 [background-preinit] WARN  o.s.h.c.json.Jackson2ObjectMapperBuilder           - For Jackson Kotlin classes support please add "com.fasterxml.jackson.module:jackson-module-kotlin" to the classpath
2021-07-21 00:31:04,109 [main] INFO  o.s.d.r.c.RepositoryConfigurationDelegate          - Bootstrapping Spring Data JPA repositories in DEFAULT mode.
2021-07-21 00:31:04,236 [main] INFO  o.s.d.r.c.RepositoryConfigurationDelegate          - Finished Spring Data repository scanning in 112 ms. Found 2 JPA repository interfaces.
2021-07-21 00:31:04,932 [main] INFO  o.s.c.s.PostProcessorRegistrationDelegate$BeanPostProcessorChecker - Bean 'management.metrics-org.springframework.boot.actuate.autoconfigure.metrics.MetricsProperties' of type [org.springframework.boot.actuate.autoconfigure.metrics.MetricsProperties] is not eligible for getting processed by all BeanPostProcessors (for example: not eligible for auto-proxying)
2021-07-21 00:31:04,934 [main] INFO  o.s.c.s.PostProcessorRegistrationDelegate$BeanPostProcessorChecker - Bean 'org.springframework.boot.actuate.autoconfigure.metrics.data.RepositoryMetricsAutoConfiguration' of type [org.springframework.boot.actuate.autoconfigure.metrics.data.RepositoryMetricsAutoConfiguration] is not eligible for getting processed by all BeanPostProcessors (for example: not eligible for auto-proxying)
2021-07-21 00:31:04,938 [main] INFO  o.s.c.s.PostProcessorRegistrationDelegate$BeanPostProcessorChecker - Bean 'org.springframework.boot.actuate.autoconfigure.metrics.export.simple.SimpleMetricsExportAutoConfiguration' of type [org.springframework.boot.actuate.autoconfigure.metrics.export.simple.SimpleMetricsExportAutoConfiguration] is not eligible for getting processed by all BeanPostProcessors (for example: not eligible for auto-proxying)
2021-07-21 00:31:04,945 [main] INFO  o.s.c.s.PostProcessorRegistrationDelegate$BeanPostProcessorChecker - Bean 'management.metrics.export.simple-org.springframework.boot.actuate.autoconfigure.metrics.export.simple.SimpleProperties' of type [org.springframework.boot.actuate.autoconfigure.metrics.export.simple.SimpleProperties] is not eligible for getting processed by all BeanPostProcessors (for example: not eligible for auto-proxying)
2021-07-21 00:31:04,949 [main] INFO  o.s.c.s.PostProcessorRegistrationDelegate$BeanPostProcessorChecker - Bean 'simpleConfig' of type [org.springframework.boot.actuate.autoconfigure.metrics.export.simple.SimplePropertiesConfigAdapter] is not eligible for getting processed by all BeanPostProcessors (for example: not eligible for auto-proxying)
2021-07-21 00:31:04,956 [main] INFO  o.s.c.s.PostProcessorRegistrationDelegate$BeanPostProcessorChecker - Bean 'org.springframework.boot.actuate.autoconfigure.metrics.MetricsAutoConfiguration' of type [org.springframework.boot.actuate.autoconfigure.metrics.MetricsAutoConfiguration] is not eligible for getting processed by all BeanPostProcessors (for example: not eligible for auto-proxying)
2021-07-21 00:31:04,959 [main] INFO  o.s.c.s.PostProcessorRegistrationDelegate$BeanPostProcessorChecker - Bean 'micrometerClock' of type [io.micrometer.core.instrument.Clock$1] is not eligible for getting processed by all BeanPostProcessors (for example: not eligible for auto-proxying)
2021-07-21 00:31:04,986 [main] INFO  o.s.c.s.PostProcessorRegistrationDelegate$BeanPostProcessorChecker - Bean 'simpleMeterRegistry' of type [io.micrometer.core.instrument.simple.SimpleMeterRegistry] is not eligible for getting processed by all BeanPostProcessors (for example: not eligible for auto-proxying)
2021-07-21 00:31:04,995 [main] INFO  o.s.c.s.PostProcessorRegistrationDelegate$BeanPostProcessorChecker - Bean 'repositoryTagsProvider' of type [org.springframework.boot.actuate.metrics.data.DefaultRepositoryTagsProvider] is not eligible for getting processed by all BeanPostProcessors (for example: not eligible for auto-proxying)
2021-07-21 00:31:04,996 [main] INFO  o.s.c.s.PostProcessorRegistrationDelegate$BeanPostProcessorChecker - Bean 'metricsRepositoryMethodInvocationListener' of type [org.springframework.boot.actuate.metrics.data.MetricsRepositoryMethodInvocationListener] is not eligible for getting processed by all BeanPostProcessors (for example: not eligible for auto-proxying)
2021-07-21 00:31:05,455 [main] INFO  o.s.b.w.embedded.tomcat.TomcatWebServer            - Tomcat initialized with port(s): 8080 (http)
2021-07-21 00:31:05,475 [main] INFO  o.apache.coyote.http11.Http11NioProtocol           - Initializing ProtocolHandler ["http-nio-8080"]
2021-07-21 00:31:05,476 [main] INFO  org.apache.catalina.core.StandardService           - Starting service [Tomcat]
2021-07-21 00:31:05,476 [main] INFO  org.apache.catalina.core.StandardEngine            - Starting Servlet engine: [Apache Tomcat/9.0.46]
2021-07-21 00:31:05,918 [main] INFO  o.a.c.c.C.[Tomcat].[localhost].[/]                 - Initializing Spring embedded WebApplicationContext
2021-07-21 00:31:05,919 [main] INFO  o.s.b.w.s.c.ServletWebServerApplicationContext     - Root WebApplicationContext: initialization completed in 3867 ms
2021-07-21 00:31:06,302 [main] DEBUG o.s.w.filter.CommonsRequestLoggingFilter           - Filter 'loggingFilter' configured for use
2021-07-21 00:31:06,607 [main] INFO  o.hibernate.jpa.internal.util.LogHelper            - HHH000204: Processing PersistenceUnitInfo [name: default]
2021-07-21 00:31:06,700 [main] INFO  org.hibernate.Version                              - HHH000412: Hibernate ORM core version 5.4.31.Final
2021-07-21 00:31:06,923 [main] INFO  org.hibernate.annotations.common.Version           - HCANN000001: Hibernate Commons Annotations {5.1.2.Final}
2021-07-21 00:31:07,101 [main] INFO  com.zaxxer.hikari.HikariDataSource                 - HikariPool-1 - Starting...
2021-07-21 00:31:09,667 [main] INFO  com.zaxxer.hikari.HikariDataSource                 - HikariPool-1 - Start completed.
2021-07-21 00:31:09,704 [main] INFO  org.hibernate.dialect.Dialect                      - HHH000400: Using dialect: org.hibernate.dialect.MySQL55Dialect
2021-07-21 00:31:16,357 [main] INFO  o.h.e.t.j.p.i.JtaPlatformInitiator                 - HHH000490: Using JtaPlatform implementation: [org.hibernate.engine.transaction.jta.platform.internal.NoJtaPlatform]
2021-07-21 00:31:16,375 [main] INFO  o.s.o.j.LocalContainerEntityManagerFactoryBean     - Initialized JPA EntityManagerFactory for persistence unit 'default'
2021-07-21 00:31:16,517 [main] WARN  o.s.b.a.o.j.JpaBaseConfiguration$JpaWebConfiguration - spring.jpa.open-in-view is enabled by default. Therefore, database queries may be performed during view rendering. Explicitly configure spring.jpa.open-in-view to disable this warning
2021-07-21 00:31:17,400 [main] INFO  o.s.s.web.DefaultSecurityFilterChain               - Will secure any request with [org.springframework.security.web.context.request.async.WebAsyncManagerIntegrationFilter@761f1a28, org.springframework.security.web.context.SecurityContextPersistenceFilter@5440a3a, org.springframework.security.web.header.HeaderWriterFilter@145ef9e8, org.springframework.security.web.csrf.CsrfFilter@30a5a58d, org.springframework.security.web.authentication.logout.LogoutFilter@4f72078d, org.springframework.security.web.authentication.UsernamePasswordAuthenticationFilter@198524ec, org.springframework.security.web.authentication.ui.DefaultLoginPageGeneratingFilter@4faaff61, org.springframework.security.web.authentication.ui.DefaultLogoutPageGeneratingFilter@7d65c0ac, org.springframework.security.web.savedrequest.RequestCacheAwareFilter@10abd94f, org.springframework.security.web.servletapi.SecurityContextHolderAwareRequestFilter@4c25201, org.springframework.security.web.authentication.AnonymousAuthenticationFilter@71c91121, org.springframework.security.web.session.SessionManagementFilter@514b247b, org.springframework.security.web.access.ExceptionTranslationFilter@7940b729, org.springframework.security.web.access.intercept.FilterSecurityInterceptor@3ba815ee]
2021-07-21 00:31:17,753 [main] INFO  o.s.b.a.w.s.WelcomePageHandlerMapping              - Adding welcome page template: index
2021-07-21 00:31:19,625 [main] INFO  o.s.b.a.e.web.EndpointLinksResolver                - Exposing 1 endpoint(s) beneath base path '/actuator'
2021-07-21 00:31:19,707 [main] INFO  o.apache.coyote.http11.Http11NioProtocol           - Starting ProtocolHandler ["http-nio-8080"]
2021-07-21 00:31:19,752 [main] INFO  o.s.b.w.embedded.tomcat.TomcatWebServer            - Tomcat started on port(s): 8080 (http) with context path ''
2021-07-21 00:31:19,787 [main] INFO  io.web.library.LibraryApplication                  - Started LibraryApplication in 18.982 seconds (JVM running for 20.899)
2021-07-21 00:31:19,809 [main] INFO  o.s.b.a.ApplicationAvailabilityBean                - Application availability state LivenessState changed to CORRECT
2021-07-21 00:31:19,815 [main] INFO  o.s.b.a.ApplicationAvailabilityBean                - Application availability state ReadinessState changed to ACCEPTING_TRAFFIC
2021-07-21 00:32:29,980 [http-nio-8080-exec-1] INFO  o.a.c.c.C.[Tomcat].[localhost].[/]                 - Initializing Spring DispatcherServlet 'dispatcherServlet'
2021-07-21 00:32:29,981 [http-nio-8080-exec-1] INFO  o.s.web.servlet.DispatcherServlet                  - Initializing Servlet 'dispatcherServlet'
2021-07-21 00:32:29,983 [http-nio-8080-exec-1] INFO  o.s.web.servlet.DispatcherServlet                  - Completed initialization in 2 ms
2021-07-21 00:32:30,166 [http-nio-8080-exec-1] TRACE org.zalando.logbook.Logbook                        - {"origin":"remote","type":"request","correlation":"dc2df80bc66d1c9e","protocol":"HTTP/1.1","remote":"0:0:0:0:0:0:0:1","method":"GET","uri":"http://localhost:8080/","headers":{"accept":["text/html,application/xhtml+xml,application/xml;q=0.9,image/avif,image/webp,image/apng,*/*;q=0.8,application/signed-exchange;v=b3;q=0.9"],"accept-encoding":["gzip, deflate, br"],"accept-language":["ru-RU,ru;q=0.9,en-US;q=0.8,en;q=0.7"],"cache-control":["max-age=0"],"connection":["keep-alive"],"cookie":["Idea-2a1fd8ec=62330cb7-22d1-4ac9-822c-ba9e5b5293a0; Idea-2a1fd52d=78cede7f-bd77-49e0-838f-6aa5ac3ea8bf; JSESSIONID=0C31297E73E5C0138C519C007209BE79"],"host":["localhost:8080"],"sec-ch-ua":["\" Not;A Brand\";v=\"99\", \"Google Chrome\";v=\"91\", \"Chromium\";v=\"91\""],"sec-ch-ua-mobile":["?0"],"sec-fetch-dest":["document"],"sec-fetch-mode":["navigate"],"sec-fetch-site":["none"],"sec-fetch-user":["?1"],"upgrade-insecure-requests":["1"],"user-agent":["Mozilla/5.0 (Windows NT 10.0; Win64; x64) AppleWebKit/537.36 (KHTML, like Gecko) Chrome/91.0.4472.124 Safari/537.36"]}}
2021-07-21 00:32:30,170 [http-nio-8080-exec-1] DEBUG o.s.w.filter.CommonsRequestLoggingFilter           - Before request [GET /]
2021-07-21 00:32:30,249 [http-nio-8080-exec-1] DEBUG o.s.w.filter.CommonsRequestLoggingFilter           - REQUEST DATA: GET /]
2021-07-21 00:32:30,260 [http-nio-8080-exec-1] TRACE org.zalando.logbook.Logbook                        - {"origin":"local","type":"response","correlation":"dc2df80bc66d1c9e","duration":188,"protocol":"HTTP/1.1","status":404,"headers":{"Cache-Control":["no-cache, no-store, max-age=0, must-revalidate"],"Expires":["0"],"Pragma":["no-cache"],"Vary":["Origin","Access-Control-Request-Method","Access-Control-Request-Headers"],"X-Content-Type-Options":["nosniff"],"X-Frame-Options":["DENY"],"X-XSS-Protection":["1; mode=block"]}}
2021-07-21 00:34:17,067 [http-nio-8080-exec-10] WARN  com.zaxxer.hikari.pool.PoolBase                    - HikariPool-1 - Failed to validate connection com.mysql.cj.jdbc.ConnectionImpl@796b70e9 (No operations allowed after connection closed.). Possibly consider using a shorter maxLifetime value.
2021-07-21 00:34:17,071 [http-nio-8080-exec-10] WARN  com.zaxxer.hikari.pool.PoolBase                    - HikariPool-1 - Failed to validate connection com.mysql.cj.jdbc.ConnectionImpl@5a2cf1c1 (No operations allowed after connection closed.). Possibly consider using a shorter maxLifetime value.
2021-07-21 00:34:17,073 [http-nio-8080-exec-10] WARN  com.zaxxer.hikari.pool.PoolBase                    - HikariPool-1 - Failed to validate connection com.mysql.cj.jdbc.ConnectionImpl@78623e55 (No operations allowed after connection closed.). Possibly consider using a shorter maxLifetime value.
2021-07-21 00:34:17,075 [http-nio-8080-exec-10] WARN  com.zaxxer.hikari.pool.PoolBase                    - HikariPool-1 - Failed to validate connection com.mysql.cj.jdbc.ConnectionImpl@75c820a5 (No operations allowed after connection closed.). Possibly consider using a shorter maxLifetime value.
2021-07-21 00:34:17,078 [http-nio-8080-exec-10] WARN  com.zaxxer.hikari.pool.PoolBase                    - HikariPool-1 - Failed to validate connection com.mysql.cj.jdbc.ConnectionImpl@68f79ebf (No operations allowed after connection closed.). Possibly consider using a shorter maxLifetime value.
2021-07-21 00:34:17,079 [http-nio-8080-exec-10] WARN  com.zaxxer.hikari.pool.PoolBase                    - HikariPool-1 - Failed to validate connection com.mysql.cj.jdbc.ConnectionImpl@55e8c899 (No operations allowed after connection closed.). Possibly consider using a shorter maxLifetime value.
2021-07-21 00:34:17,083 [http-nio-8080-exec-10] WARN  com.zaxxer.hikari.pool.PoolBase                    - HikariPool-1 - Failed to validate connection com.mysql.cj.jdbc.ConnectionImpl@3c11d4e7 (No operations allowed after connection closed.). Possibly consider using a shorter maxLifetime value.
2021-07-21 00:34:17,084 [http-nio-8080-exec-10] WARN  com.zaxxer.hikari.pool.PoolBase                    - HikariPool-1 - Failed to validate connection com.mysql.cj.jdbc.ConnectionImpl@86806c8 (No operations allowed after connection closed.). Possibly consider using a shorter maxLifetime value.
2021-07-21 00:34:17,088 [http-nio-8080-exec-10] WARN  com.zaxxer.hikari.pool.PoolBase                    - HikariPool-1 - Failed to validate connection com.mysql.cj.jdbc.ConnectionImpl@5cbe631c (No operations allowed after connection closed.). Possibly consider using a shorter maxLifetime value.
2021-07-21 00:34:17,090 [http-nio-8080-exec-10] WARN  com.zaxxer.hikari.pool.PoolBase                    - HikariPool-1 - Failed to validate connection com.mysql.cj.jdbc.ConnectionImpl@4f81d412 (No operations allowed after connection closed.). Possibly consider using a shorter maxLifetime value.
2021-07-21 00:34:19,316 [http-nio-8080-exec-1] TRACE org.zalando.logbook.Logbook                        - {"origin":"remote","type":"request","correlation":"f162e2bad49d80a7","protocol":"HTTP/1.1","remote":"0:0:0:0:0:0:0:1","method":"GET","uri":"http://localhost:8080/users","headers":{"accept":["text/html,application/xhtml+xml,application/xml;q=0.9,image/avif,image/webp,image/apng,*/*;q=0.8,application/signed-exchange;v=b3;q=0.9"],"accept-encoding":["gzip, deflate, br"],"accept-language":["ru-RU,ru;q=0.9,en-US;q=0.8,en;q=0.7"],"connection":["keep-alive"],"cookie":["Idea-2a1fd8ec=62330cb7-22d1-4ac9-822c-ba9e5b5293a0; Idea-2a1fd52d=78cede7f-bd77-49e0-838f-6aa5ac3ea8bf; JSESSIONID=0C31297E73E5C0138C519C007209BE79"],"host":["localhost:8080"],"purpose":["prefetch"],"sec-ch-ua":["\" Not;A Brand\";v=\"99\", \"Google Chrome\";v=\"91\", \"Chromium\";v=\"91\""],"sec-ch-ua-mobile":["?0"],"sec-fetch-dest":["document"],"sec-fetch-mode":["navigate"],"sec-fetch-site":["none"],"sec-fetch-user":["?1"],"upgrade-insecure-requests":["1"],"user-agent":["Mozilla/5.0 (Windows NT 10.0; Win64; x64) AppleWebKit/537.36 (KHTML, like Gecko) Chrome/91.0.4472.124 Safari/537.36"]}}
2021-07-21 00:34:19,317 [http-nio-8080-exec-1] DEBUG o.s.w.filter.CommonsRequestLoggingFilter           - Before request [GET /users]
2021-07-21 00:34:21,016 [http-nio-8080-exec-1] DEBUG o.s.w.filter.CommonsRequestLoggingFilter           - REQUEST DATA: GET /users]
2021-07-21 00:34:21,028 [http-nio-8080-exec-1] ERROR o.a.c.c.C.[.[.[/].[dispatcherServlet]              - Servlet.service() for servlet [dispatcherServlet] in context with path [] threw exception [Circular view path [users]: would dispatch back to the current handler URL [/users] again. Check your ViewResolver setup! (Hint: This may be the result of an unspecified view, due to default view name generation.)] with root cause
javax.servlet.ServletException: Circular view path [users]: would dispatch back to the current handler URL [/users] again. Check your ViewResolver setup! (Hint: This may be the result of an unspecified view, due to default view name generation.)
	at org.springframework.web.servlet.view.InternalResourceView.prepareForRendering(InternalResourceView.java:210)
	at org.springframework.web.servlet.view.InternalResourceView.renderMergedOutputModel(InternalResourceView.java:148)
	at org.springframework.web.servlet.view.AbstractView.render(AbstractView.java:316)
	at org.springframework.web.servlet.DispatcherServlet.render(DispatcherServlet.java:1396)
	at org.springframework.web.servlet.DispatcherServlet.processDispatchResult(DispatcherServlet.java:1141)
	at org.springframework.web.servlet.DispatcherServlet.doDispatch(DispatcherServlet.java:1080)
	at org.springframework.web.servlet.DispatcherServlet.doService(DispatcherServlet.java:963)
	at org.springframework.web.servlet.FrameworkServlet.processRequest(FrameworkServlet.java:1006)
	at org.springframework.web.servlet.FrameworkServlet.doGet(FrameworkServlet.java:898)
	at javax.servlet.http.HttpServlet.service(HttpServlet.java:626)
	at org.springframework.web.servlet.FrameworkServlet.service(FrameworkServlet.java:883)
	at javax.servlet.http.HttpServlet.service(HttpServlet.java:733)
	at org.apache.catalina.core.ApplicationFilterChain.internalDoFilter(ApplicationFilterChain.java:227)
	at org.apache.catalina.core.ApplicationFilterChain.doFilter(ApplicationFilterChain.java:162)
	at org.apache.tomcat.websocket.server.WsFilter.doFilter(WsFilter.java:53)
	at org.apache.catalina.core.ApplicationFilterChain.internalDoFilter(ApplicationFilterChain.java:189)
	at org.apache.catalina.core.ApplicationFilterChain.doFilter(ApplicationFilterChain.java:162)
	at org.springframework.web.filter.AbstractRequestLoggingFilter.doFilterInternal(AbstractRequestLoggingFilter.java:289)
	at org.springframework.web.filter.OncePerRequestFilter.doFilter(OncePerRequestFilter.java:119)
	at org.apache.catalina.core.ApplicationFilterChain.internalDoFilter(ApplicationFilterChain.java:189)
	at org.apache.catalina.core.ApplicationFilterChain.doFilter(ApplicationFilterChain.java:162)
	at org.zalando.logbook.servlet.LogbookFilter.doFilter(LogbookFilter.java:71)
	at org.zalando.logbook.servlet.HttpFilter.doFilter(HttpFilter.java:31)
	at org.apache.catalina.core.ApplicationFilterChain.internalDoFilter(ApplicationFilterChain.java:189)
	at org.apache.catalina.core.ApplicationFilterChain.doFilter(ApplicationFilterChain.java:162)
	at org.springframework.security.web.FilterChainProxy$VirtualFilterChain.doFilter(FilterChainProxy.java:327)
	at org.springframework.security.web.access.intercept.FilterSecurityInterceptor.invoke(FilterSecurityInterceptor.java:115)
	at org.springframework.security.web.access.intercept.FilterSecurityInterceptor.doFilter(FilterSecurityInterceptor.java:81)
	at org.springframework.security.web.FilterChainProxy$VirtualFilterChain.doFilter(FilterChainProxy.java:336)
	at org.springframework.security.web.access.ExceptionTranslationFilter.doFilter(ExceptionTranslationFilter.java:121)
	at org.springframework.security.web.access.ExceptionTranslationFilter.doFilter(ExceptionTranslationFilter.java:115)
	at org.springframework.security.web.FilterChainProxy$VirtualFilterChain.doFilter(FilterChainProxy.java:336)
	at org.springframework.security.web.session.SessionManagementFilter.doFilter(SessionManagementFilter.java:126)
	at org.springframework.security.web.session.SessionManagementFilter.doFilter(SessionManagementFilter.java:81)
	at org.springframework.security.web.FilterChainProxy$VirtualFilterChain.doFilter(FilterChainProxy.java:336)
	at org.springframework.security.web.authentication.AnonymousAuthenticationFilter.doFilter(AnonymousAuthenticationFilter.java:105)
	at org.springframework.security.web.FilterChainProxy$VirtualFilterChain.doFilter(FilterChainProxy.java:336)
	at org.springframework.security.web.servletapi.SecurityContextHolderAwareRequestFilter.doFilter(SecurityContextHolderAwareRequestFilter.java:149)
	at org.springframework.security.web.FilterChainProxy$VirtualFilterChain.doFilter(FilterChainProxy.java:336)
	at org.springframework.security.web.savedrequest.RequestCacheAwareFilter.doFilter(RequestCacheAwareFilter.java:63)
	at org.springframework.security.web.FilterChainProxy$VirtualFilterChain.doFilter(FilterChainProxy.java:336)
	at org.springframework.security.web.authentication.ui.DefaultLogoutPageGeneratingFilter.doFilterInternal(DefaultLogoutPageGeneratingFilter.java:58)
	at org.springframework.web.filter.OncePerRequestFilter.doFilter(OncePerRequestFilter.java:119)
	at org.springframework.security.web.FilterChainProxy$VirtualFilterChain.doFilter(FilterChainProxy.java:336)
	at org.springframework.security.web.authentication.ui.DefaultLoginPageGeneratingFilter.doFilter(DefaultLoginPageGeneratingFilter.java:237)
	at org.springframework.security.web.authentication.ui.DefaultLoginPageGeneratingFilter.doFilter(DefaultLoginPageGeneratingFilter.java:223)
	at org.springframework.security.web.FilterChainProxy$VirtualFilterChain.doFilter(FilterChainProxy.java:336)
	at org.springframework.security.web.authentication.AbstractAuthenticationProcessingFilter.doFilter(AbstractAuthenticationProcessingFilter.java:218)
	at org.springframework.security.web.authentication.AbstractAuthenticationProcessingFilter.doFilter(AbstractAuthenticationProcessingFilter.java:212)
	at org.springframework.security.web.FilterChainProxy$VirtualFilterChain.doFilter(FilterChainProxy.java:336)
	at org.springframework.security.web.authentication.logout.LogoutFilter.doFilter(LogoutFilter.java:103)
	at org.springframework.security.web.authentication.logout.LogoutFilter.doFilter(LogoutFilter.java:89)
	at org.springframework.security.web.FilterChainProxy$VirtualFilterChain.doFilter(FilterChainProxy.java:336)
	at org.springframework.security.web.csrf.CsrfFilter.doFilterInternal(CsrfFilter.java:117)
	at org.springframework.web.filter.OncePerRequestFilter.doFilter(OncePerRequestFilter.java:119)
	at org.springframework.security.web.FilterChainProxy$VirtualFilterChain.doFilter(FilterChainProxy.java:336)
	at org.springframework.security.web.header.HeaderWriterFilter.doHeadersAfter(HeaderWriterFilter.java:90)
	at org.springframework.security.web.header.HeaderWriterFilter.doFilterInternal(HeaderWriterFilter.java:75)
	at org.springframework.web.filter.OncePerRequestFilter.doFilter(OncePerRequestFilter.java:119)
	at org.springframework.security.web.FilterChainProxy$VirtualFilterChain.doFilter(FilterChainProxy.java:336)
	at org.springframework.security.web.context.SecurityContextPersistenceFilter.doFilter(SecurityContextPersistenceFilter.java:110)
	at org.springframework.security.web.context.SecurityContextPersistenceFilter.doFilter(SecurityContextPersistenceFilter.java:80)
	at org.springframework.security.web.FilterChainProxy$VirtualFilterChain.doFilter(FilterChainProxy.java:336)
	at org.springframework.security.web.context.request.async.WebAsyncManagerIntegrationFilter.doFilterInternal(WebAsyncManagerIntegrationFilter.java:55)
	at org.springframework.web.filter.OncePerRequestFilter.doFilter(OncePerRequestFilter.java:119)
	at org.springframework.security.web.FilterChainProxy$VirtualFilterChain.doFilter(FilterChainProxy.java:336)
	at org.springframework.security.web.FilterChainProxy.doFilterInternal(FilterChainProxy.java:211)
	at org.springframework.security.web.FilterChainProxy.doFilter(FilterChainProxy.java:183)
	at org.springframework.web.filter.DelegatingFilterProxy.invokeDelegate(DelegatingFilterProxy.java:358)
	at org.springframework.web.filter.DelegatingFilterProxy.doFilter(DelegatingFilterProxy.java:271)
	at org.apache.catalina.core.ApplicationFilterChain.internalDoFilter(ApplicationFilterChain.java:189)
	at org.apache.catalina.core.ApplicationFilterChain.doFilter(ApplicationFilterChain.java:162)
	at org.springframework.web.filter.RequestContextFilter.doFilterInternal(RequestContextFilter.java:100)
	at org.springframework.web.filter.OncePerRequestFilter.doFilter(OncePerRequestFilter.java:119)
	at org.apache.catalina.core.ApplicationFilterChain.internalDoFilter(ApplicationFilterChain.java:189)
	at org.apache.catalina.core.ApplicationFilterChain.doFilter(ApplicationFilterChain.java:162)
	at org.springframework.web.filter.FormContentFilter.doFilterInternal(FormContentFilter.java:93)
	at org.springframework.web.filter.OncePerRequestFilter.doFilter(OncePerRequestFilter.java:119)
	at org.apache.catalina.core.ApplicationFilterChain.internalDoFilter(ApplicationFilterChain.java:189)
	at org.apache.catalina.core.ApplicationFilterChain.doFilter(ApplicationFilterChain.java:162)
	at org.zalando.logbook.servlet.LogbookFilter.doFilter(LogbookFilter.java:71)
	at org.zalando.logbook.servlet.SecureLogbookFilter.doFilter(SecureLogbookFilter.java:32)
	at org.zalando.logbook.servlet.HttpFilter.doFilter(HttpFilter.java:31)
	at org.apache.catalina.core.ApplicationFilterChain.internalDoFilter(ApplicationFilterChain.java:189)
	at org.apache.catalina.core.ApplicationFilterChain.doFilter(ApplicationFilterChain.java:162)
	at org.springframework.boot.actuate.metrics.web.servlet.WebMvcMetricsFilter.doFilterInternal(WebMvcMetricsFilter.java:96)
	at org.springframework.web.filter.OncePerRequestFilter.doFilter(OncePerRequestFilter.java:119)
	at org.apache.catalina.core.ApplicationFilterChain.internalDoFilter(ApplicationFilterChain.java:189)
	at org.apache.catalina.core.ApplicationFilterChain.doFilter(ApplicationFilterChain.java:162)
	at org.springframework.web.filter.CharacterEncodingFilter.doFilterInternal(CharacterEncodingFilter.java:201)
	at org.springframework.web.filter.OncePerRequestFilter.doFilter(OncePerRequestFilter.java:119)
	at org.apache.catalina.core.ApplicationFilterChain.internalDoFilter(ApplicationFilterChain.java:189)
	at org.apache.catalina.core.ApplicationFilterChain.doFilter(ApplicationFilterChain.java:162)
	at org.apache.catalina.core.StandardWrapperValve.invoke(StandardWrapperValve.java:202)
	at org.apache.catalina.core.StandardContextValve.invoke(StandardContextValve.java:97)
	at org.apache.catalina.authenticator.AuthenticatorBase.invoke(AuthenticatorBase.java:542)
	at org.apache.catalina.core.StandardHostValve.invoke(StandardHostValve.java:143)
	at org.apache.catalina.valves.ErrorReportValve.invoke(ErrorReportValve.java:92)
	at org.apache.catalina.core.StandardEngineValve.invoke(StandardEngineValve.java:78)
	at org.apache.catalina.connector.CoyoteAdapter.service(CoyoteAdapter.java:357)
	at org.apache.coyote.http11.Http11Processor.service(Http11Processor.java:374)
	at org.apache.coyote.AbstractProcessorLight.process(AbstractProcessorLight.java:65)
	at org.apache.coyote.AbstractProtocol$ConnectionHandler.process(AbstractProtocol.java:893)
	at org.apache.tomcat.util.net.NioEndpoint$SocketProcessor.doRun(NioEndpoint.java:1707)
	at org.apache.tomcat.util.net.SocketProcessorBase.run(SocketProcessorBase.java:49)
	at java.base/java.util.concurrent.ThreadPoolExecutor.runWorker(ThreadPoolExecutor.java:1130)
	at java.base/java.util.concurrent.ThreadPoolExecutor$Worker.run(ThreadPoolExecutor.java:630)
	at org.apache.tomcat.util.threads.TaskThread$WrappingRunnable.run(TaskThread.java:61)
	at java.base/java.lang.Thread.run(Thread.java:832)
2021-07-21 00:35:41,514 [main] INFO  io.web.library.LibraryApplication                  - Starting LibraryApplication using Java 15.0.1 on LAPTOP-T9UP22I0 with PID 17188 (C:\Users\37533\IDEAPROJECTS\library\target\classes started by I'm in C:\Users\37533\IDEAPROJECTS\library)
2021-07-21 00:35:41,519 [main] INFO  io.web.library.LibraryApplication                  - The following profiles are active: @spring.profiles.active@
2021-07-21 00:35:41,680 [background-preinit] WARN  o.s.h.c.json.Jackson2ObjectMapperBuilder           - For Jackson Kotlin classes support please add "com.fasterxml.jackson.module:jackson-module-kotlin" to the classpath
2021-07-21 00:35:43,576 [main] INFO  o.s.d.r.c.RepositoryConfigurationDelegate          - Bootstrapping Spring Data JPA repositories in DEFAULT mode.
2021-07-21 00:35:43,715 [main] INFO  o.s.d.r.c.RepositoryConfigurationDelegate          - Finished Spring Data repository scanning in 121 ms. Found 2 JPA repository interfaces.
2021-07-21 00:35:44,436 [main] INFO  o.s.c.s.PostProcessorRegistrationDelegate$BeanPostProcessorChecker - Bean 'management.metrics-org.springframework.boot.actuate.autoconfigure.metrics.MetricsProperties' of type [org.springframework.boot.actuate.autoconfigure.metrics.MetricsProperties] is not eligible for getting processed by all BeanPostProcessors (for example: not eligible for auto-proxying)
2021-07-21 00:35:44,438 [main] INFO  o.s.c.s.PostProcessorRegistrationDelegate$BeanPostProcessorChecker - Bean 'org.springframework.boot.actuate.autoconfigure.metrics.data.RepositoryMetricsAutoConfiguration' of type [org.springframework.boot.actuate.autoconfigure.metrics.data.RepositoryMetricsAutoConfiguration] is not eligible for getting processed by all BeanPostProcessors (for example: not eligible for auto-proxying)
2021-07-21 00:35:44,441 [main] INFO  o.s.c.s.PostProcessorRegistrationDelegate$BeanPostProcessorChecker - Bean 'org.springframework.boot.actuate.autoconfigure.metrics.export.simple.SimpleMetricsExportAutoConfiguration' of type [org.springframework.boot.actuate.autoconfigure.metrics.export.simple.SimpleMetricsExportAutoConfiguration] is not eligible for getting processed by all BeanPostProcessors (for example: not eligible for auto-proxying)
2021-07-21 00:35:44,446 [main] INFO  o.s.c.s.PostProcessorRegistrationDelegate$BeanPostProcessorChecker - Bean 'management.metrics.export.simple-org.springframework.boot.actuate.autoconfigure.metrics.export.simple.SimpleProperties' of type [org.springframework.boot.actuate.autoconfigure.metrics.export.simple.SimpleProperties] is not eligible for getting processed by all BeanPostProcessors (for example: not eligible for auto-proxying)
2021-07-21 00:35:44,452 [main] INFO  o.s.c.s.PostProcessorRegistrationDelegate$BeanPostProcessorChecker - Bean 'simpleConfig' of type [org.springframework.boot.actuate.autoconfigure.metrics.export.simple.SimplePropertiesConfigAdapter] is not eligible for getting processed by all BeanPostProcessors (for example: not eligible for auto-proxying)
2021-07-21 00:35:44,459 [main] INFO  o.s.c.s.PostProcessorRegistrationDelegate$BeanPostProcessorChecker - Bean 'org.springframework.boot.actuate.autoconfigure.metrics.MetricsAutoConfiguration' of type [org.springframework.boot.actuate.autoconfigure.metrics.MetricsAutoConfiguration] is not eligible for getting processed by all BeanPostProcessors (for example: not eligible for auto-proxying)
2021-07-21 00:35:44,461 [main] INFO  o.s.c.s.PostProcessorRegistrationDelegate$BeanPostProcessorChecker - Bean 'micrometerClock' of type [io.micrometer.core.instrument.Clock$1] is not eligible for getting processed by all BeanPostProcessors (for example: not eligible for auto-proxying)
2021-07-21 00:35:44,492 [main] INFO  o.s.c.s.PostProcessorRegistrationDelegate$BeanPostProcessorChecker - Bean 'simpleMeterRegistry' of type [io.micrometer.core.instrument.simple.SimpleMeterRegistry] is not eligible for getting processed by all BeanPostProcessors (for example: not eligible for auto-proxying)
2021-07-21 00:35:44,502 [main] INFO  o.s.c.s.PostProcessorRegistrationDelegate$BeanPostProcessorChecker - Bean 'repositoryTagsProvider' of type [org.springframework.boot.actuate.metrics.data.DefaultRepositoryTagsProvider] is not eligible for getting processed by all BeanPostProcessors (for example: not eligible for auto-proxying)
2021-07-21 00:35:44,504 [main] INFO  o.s.c.s.PostProcessorRegistrationDelegate$BeanPostProcessorChecker - Bean 'metricsRepositoryMethodInvocationListener' of type [org.springframework.boot.actuate.metrics.data.MetricsRepositoryMethodInvocationListener] is not eligible for getting processed by all BeanPostProcessors (for example: not eligible for auto-proxying)
2021-07-21 00:35:44,960 [main] INFO  o.s.b.w.embedded.tomcat.TomcatWebServer            - Tomcat initialized with port(s): 8080 (http)
2021-07-21 00:35:44,976 [main] INFO  o.apache.coyote.http11.Http11NioProtocol           - Initializing ProtocolHandler ["http-nio-8080"]
2021-07-21 00:35:44,976 [main] INFO  org.apache.catalina.core.StandardService           - Starting service [Tomcat]
2021-07-21 00:35:44,976 [main] INFO  org.apache.catalina.core.StandardEngine            - Starting Servlet engine: [Apache Tomcat/9.0.46]
2021-07-21 00:35:45,366 [main] INFO  o.a.c.c.C.[Tomcat].[localhost].[/]                 - Initializing Spring embedded WebApplicationContext
2021-07-21 00:35:45,366 [main] INFO  o.s.b.w.s.c.ServletWebServerApplicationContext     - Root WebApplicationContext: initialization completed in 3760 ms
2021-07-21 00:35:45,710 [main] DEBUG o.s.w.filter.CommonsRequestLoggingFilter           - Filter 'loggingFilter' configured for use
2021-07-21 00:35:45,945 [main] INFO  o.hibernate.jpa.internal.util.LogHelper            - HHH000204: Processing PersistenceUnitInfo [name: default]
2021-07-21 00:35:46,023 [main] INFO  org.hibernate.Version                              - HHH000412: Hibernate ORM core version 5.4.31.Final
2021-07-21 00:35:46,210 [main] INFO  org.hibernate.annotations.common.Version           - HCANN000001: Hibernate Commons Annotations {5.1.2.Final}
2021-07-21 00:35:46,389 [main] INFO  com.zaxxer.hikari.HikariDataSource                 - HikariPool-1 - Starting...
2021-07-21 00:35:49,258 [main] INFO  com.zaxxer.hikari.HikariDataSource                 - HikariPool-1 - Start completed.
2021-07-21 00:35:49,290 [main] INFO  org.hibernate.dialect.Dialect                      - HHH000400: Using dialect: org.hibernate.dialect.MySQL55Dialect
2021-07-21 00:35:54,220 [main] INFO  o.h.e.t.j.p.i.JtaPlatformInitiator                 - HHH000490: Using JtaPlatform implementation: [org.hibernate.engine.transaction.jta.platform.internal.NoJtaPlatform]
2021-07-21 00:35:54,236 [main] INFO  o.s.o.j.LocalContainerEntityManagerFactoryBean     - Initialized JPA EntityManagerFactory for persistence unit 'default'
2021-07-21 00:35:54,380 [main] WARN  o.s.b.a.o.j.JpaBaseConfiguration$JpaWebConfiguration - spring.jpa.open-in-view is enabled by default. Therefore, database queries may be performed during view rendering. Explicitly configure spring.jpa.open-in-view to disable this warning
2021-07-21 00:35:55,257 [main] INFO  o.s.s.web.DefaultSecurityFilterChain               - Will secure any request with [org.springframework.security.web.context.request.async.WebAsyncManagerIntegrationFilter@3efd3302, org.springframework.security.web.context.SecurityContextPersistenceFilter@6560f387, org.springframework.security.web.header.HeaderWriterFilter@526f8cb0, org.springframework.security.web.csrf.CsrfFilter@68dbe225, org.springframework.security.web.authentication.logout.LogoutFilter@433db56d, org.springframework.security.web.authentication.UsernamePasswordAuthenticationFilter@24e31f06, org.springframework.security.web.authentication.ui.DefaultLoginPageGeneratingFilter@3555d804, org.springframework.security.web.authentication.ui.DefaultLogoutPageGeneratingFilter@531292ed, org.springframework.security.web.savedrequest.RequestCacheAwareFilter@5315210d, org.springframework.security.web.servletapi.SecurityContextHolderAwareRequestFilter@2e4d252, org.springframework.security.web.authentication.AnonymousAuthenticationFilter@41538150, org.springframework.security.web.session.SessionManagementFilter@530d40b4, org.springframework.security.web.access.ExceptionTranslationFilter@7dcc0296, org.springframework.security.web.access.intercept.FilterSecurityInterceptor@1ecd09d5]
2021-07-21 00:35:55,602 [main] INFO  o.s.b.a.w.s.WelcomePageHandlerMapping              - Adding welcome page template: index
2021-07-21 00:35:57,245 [main] INFO  o.s.b.a.e.web.EndpointLinksResolver                - Exposing 1 endpoint(s) beneath base path '/actuator'
2021-07-21 00:35:57,334 [main] INFO  o.apache.coyote.http11.Http11NioProtocol           - Starting ProtocolHandler ["http-nio-8080"]
2021-07-21 00:35:57,377 [main] INFO  o.s.b.w.embedded.tomcat.TomcatWebServer            - Tomcat started on port(s): 8080 (http) with context path ''
2021-07-21 00:35:57,413 [main] INFO  io.web.library.LibraryApplication                  - Started LibraryApplication in 16.94 seconds (JVM running for 18.757)
2021-07-21 00:35:57,436 [main] INFO  o.s.b.a.ApplicationAvailabilityBean                - Application availability state LivenessState changed to CORRECT
2021-07-21 00:35:57,441 [main] INFO  o.s.b.a.ApplicationAvailabilityBean                - Application availability state ReadinessState changed to ACCEPTING_TRAFFIC
2021-07-21 00:37:29,665 [http-nio-8080-exec-2] INFO  o.a.c.c.C.[Tomcat].[localhost].[/]                 - Initializing Spring DispatcherServlet 'dispatcherServlet'
2021-07-21 00:37:29,666 [http-nio-8080-exec-2] INFO  o.s.web.servlet.DispatcherServlet                  - Initializing Servlet 'dispatcherServlet'
2021-07-21 00:37:29,668 [http-nio-8080-exec-2] INFO  o.s.web.servlet.DispatcherServlet                  - Completed initialization in 2 ms
2021-07-21 00:37:29,854 [http-nio-8080-exec-2] TRACE org.zalando.logbook.Logbook                        - {"origin":"remote","type":"request","correlation":"ddff3ee7b0cb7b22","protocol":"HTTP/1.1","remote":"0:0:0:0:0:0:0:1","method":"GET","uri":"http://localhost:8080/","headers":{"accept":["text/html,application/xhtml+xml,application/xml;q=0.9,image/avif,image/webp,image/apng,*/*;q=0.8,application/signed-exchange;v=b3;q=0.9"],"accept-encoding":["gzip, deflate, br"],"accept-language":["ru-RU,ru;q=0.9,en-US;q=0.8,en;q=0.7"],"connection":["keep-alive"],"cookie":["Idea-2a1fd8ec=62330cb7-22d1-4ac9-822c-ba9e5b5293a0; Idea-2a1fd52d=78cede7f-bd77-49e0-838f-6aa5ac3ea8bf; JSESSIONID=B402A6B2D948A6D0B709EA1CE1E8D1C3"],"host":["localhost:8080"],"sec-ch-ua":["\" Not;A Brand\";v=\"99\", \"Google Chrome\";v=\"91\", \"Chromium\";v=\"91\""],"sec-ch-ua-mobile":["?0"],"sec-fetch-dest":["document"],"sec-fetch-mode":["navigate"],"sec-fetch-site":["none"],"sec-fetch-user":["?1"],"upgrade-insecure-requests":["1"],"user-agent":["Mozilla/5.0 (Windows NT 10.0; Win64; x64) AppleWebKit/537.36 (KHTML, like Gecko) Chrome/91.0.4472.124 Safari/537.36"]}}
2021-07-21 00:37:29,857 [http-nio-8080-exec-2] DEBUG o.s.w.filter.CommonsRequestLoggingFilter           - Before request [GET /]
2021-07-21 00:37:30,457 [http-nio-8080-exec-2] DEBUG o.s.w.filter.CommonsRequestLoggingFilter           - REQUEST DATA: GET /]
2021-07-21 00:37:30,471 [http-nio-8080-exec-2] TRACE org.zalando.logbook.Logbook                        - {"origin":"local","type":"response","correlation":"ddff3ee7b0cb7b22","duration":712,"protocol":"HTTP/1.1","status":200,"headers":{"Cache-Control":["no-cache, no-store, max-age=0, must-revalidate"],"Connection":["keep-alive"],"Content-Language":["ru-RU"],"Content-Type":["text/html;charset=UTF-8"],"Date":["Tue, 20 Jul 2021 21:37:30 GMT"],"Expires":["0"],"Keep-Alive":["timeout=60"],"Pragma":["no-cache"],"Transfer-Encoding":["chunked"],"X-Content-Type-Options":["nosniff"],"X-Frame-Options":["DENY"],"X-XSS-Protection":["1; mode=block"]},"body":"<!DOCTYPE html>\r\n<html>\r\n<head>\r\n    <meta charset=\"ISO-8859-1\">\r\n    <title>Welcome to Home</title>\r\n    <link href=\"https://cdn.jsdelivr.net/npm/bootstrap@5.0.0-beta2/dist/css/bootstrap.min.css\" rel=\"stylesheet\"\r\n          integrity=\"sha384-BmbxuPwQa2lc/FVzBcNJ7UAyJxM6wuqIj61tLrc4wSX0szH/Ev+nYRRuWlolflfl\" crossorigin=\"anonymous\">\r\n    <script src=\"https://cdn.jsdelivr.net/npm/bootstrap@5.0.0-beta2/dist/js/bootstrap.bundle.min.js\"\r\n            integrity=\"sha384-b5kHyXgcpbZJO/tY9Ul7kGkf1S0CWuKcCD38l8YkeH8z8QjE0GmW1gYU5S9FOnJ0\"\r\n            crossorigin=\"anonymous\"></script>\r\n</head>\r\n<body>\r\n<div class=\"container text-center\">\r\n    <h1>Welcome to Home</h1>\r\n    <h3><a href=\"/users\">List of Users</a></h3>\r\n    <h3><a href=\"/register\">Register</a></h3>\r\n    <h3><a href=\"/login\">Login</a></h3>\r\n    <h3><a href=\"/authors\">List of Authors</a></h3>\r\n</div>\r\n\r\n</body>\r\n</html>"}
2021-07-21 00:37:39,277 [http-nio-8080-exec-6] WARN  com.zaxxer.hikari.pool.PoolBase                    - HikariPool-1 - Failed to validate connection com.mysql.cj.jdbc.ConnectionImpl@7a7c055 (No operations allowed after connection closed.). Possibly consider using a shorter maxLifetime value.
2021-07-21 00:37:39,281 [http-nio-8080-exec-6] WARN  com.zaxxer.hikari.pool.PoolBase                    - HikariPool-1 - Failed to validate connection com.mysql.cj.jdbc.ConnectionImpl@7c4c3f6e (No operations allowed after connection closed.). Possibly consider using a shorter maxLifetime value.
2021-07-21 00:37:39,285 [http-nio-8080-exec-6] WARN  com.zaxxer.hikari.pool.PoolBase                    - HikariPool-1 - Failed to validate connection com.mysql.cj.jdbc.ConnectionImpl@4550edda (No operations allowed after connection closed.). Possibly consider using a shorter maxLifetime value.
2021-07-21 00:37:39,288 [http-nio-8080-exec-6] WARN  com.zaxxer.hikari.pool.PoolBase                    - HikariPool-1 - Failed to validate connection com.mysql.cj.jdbc.ConnectionImpl@35283938 (No operations allowed after connection closed.). Possibly consider using a shorter maxLifetime value.
2021-07-21 00:37:39,291 [http-nio-8080-exec-6] WARN  com.zaxxer.hikari.pool.PoolBase                    - HikariPool-1 - Failed to validate connection com.mysql.cj.jdbc.ConnectionImpl@3a2ce670 (No operations allowed after connection closed.). Possibly consider using a shorter maxLifetime value.
2021-07-21 00:37:39,295 [http-nio-8080-exec-6] WARN  com.zaxxer.hikari.pool.PoolBase                    - HikariPool-1 - Failed to validate connection com.mysql.cj.jdbc.ConnectionImpl@27061914 (No operations allowed after connection closed.). Possibly consider using a shorter maxLifetime value.
2021-07-21 00:37:39,298 [http-nio-8080-exec-6] WARN  com.zaxxer.hikari.pool.PoolBase                    - HikariPool-1 - Failed to validate connection com.mysql.cj.jdbc.ConnectionImpl@65fa0e13 (No operations allowed after connection closed.). Possibly consider using a shorter maxLifetime value.
2021-07-21 00:37:39,300 [http-nio-8080-exec-6] WARN  com.zaxxer.hikari.pool.PoolBase                    - HikariPool-1 - Failed to validate connection com.mysql.cj.jdbc.ConnectionImpl@11ef1a6d (No operations allowed after connection closed.). Possibly consider using a shorter maxLifetime value.
2021-07-21 00:37:39,302 [http-nio-8080-exec-6] WARN  com.zaxxer.hikari.pool.PoolBase                    - HikariPool-1 - Failed to validate connection com.mysql.cj.jdbc.ConnectionImpl@4cad7146 (No operations allowed after connection closed.). Possibly consider using a shorter maxLifetime value.
2021-07-21 00:37:39,305 [http-nio-8080-exec-6] WARN  com.zaxxer.hikari.pool.PoolBase                    - HikariPool-1 - Failed to validate connection com.mysql.cj.jdbc.ConnectionImpl@5bf41f7e (No operations allowed after connection closed.). Possibly consider using a shorter maxLifetime value.
2021-07-21 00:37:42,063 [http-nio-8080-exec-7] TRACE org.zalando.logbook.Logbook                        - {"origin":"remote","type":"request","correlation":"9d9e2f2313e738bf","protocol":"HTTP/1.1","remote":"0:0:0:0:0:0:0:1","method":"GET","uri":"http://localhost:8080/authors","headers":{"accept":["text/html,application/xhtml+xml,application/xml;q=0.9,image/avif,image/webp,image/apng,*/*;q=0.8,application/signed-exchange;v=b3;q=0.9"],"accept-encoding":["gzip, deflate, br"],"accept-language":["ru-RU,ru;q=0.9,en-US;q=0.8,en;q=0.7"],"connection":["keep-alive"],"cookie":["Idea-2a1fd8ec=62330cb7-22d1-4ac9-822c-ba9e5b5293a0; Idea-2a1fd52d=78cede7f-bd77-49e0-838f-6aa5ac3ea8bf; JSESSIONID=B402A6B2D948A6D0B709EA1CE1E8D1C3"],"host":["localhost:8080"],"referer":["http://localhost:8080/"],"sec-ch-ua":["\" Not;A Brand\";v=\"99\", \"Google Chrome\";v=\"91\", \"Chromium\";v=\"91\""],"sec-ch-ua-mobile":["?0"],"sec-fetch-dest":["document"],"sec-fetch-mode":["navigate"],"sec-fetch-site":["same-origin"],"sec-fetch-user":["?1"],"upgrade-insecure-requests":["1"],"user-agent":["Mozilla/5.0 (Windows NT 10.0; Win64; x64) AppleWebKit/537.36 (KHTML, like Gecko) Chrome/91.0.4472.124 Safari/537.36"]}}
2021-07-21 00:37:42,064 [http-nio-8080-exec-7] DEBUG o.s.w.filter.CommonsRequestLoggingFilter           - Before request [GET /authors]
2021-07-21 00:37:43,007 [http-nio-8080-exec-7] DEBUG o.s.w.filter.CommonsRequestLoggingFilter           - REQUEST DATA: GET /authors]
2021-07-21 00:37:43,011 [http-nio-8080-exec-7] TRACE org.zalando.logbook.Logbook                        - {"origin":"local","type":"response","correlation":"9d9e2f2313e738bf","duration":949,"protocol":"HTTP/1.1","status":200,"headers":{"Cache-Control":["no-cache, no-store, max-age=0, must-revalidate"],"Connection":["keep-alive"],"Content-Language":["ru-RU"],"Content-Type":["text/html;charset=UTF-8"],"Date":["Tue, 20 Jul 2021 21:37:42 GMT"],"Expires":["0"],"Keep-Alive":["timeout=60"],"Pragma":["no-cache"],"Transfer-Encoding":["chunked"],"X-Content-Type-Options":["nosniff"],"X-Frame-Options":["DENY"],"X-XSS-Protection":["1; mode=block"]},"body":"<!DOCTYPE html>\r\n<html>\r\n<head>\r\n    <meta charset=\"ISO-8859-1\">\r\n    <title>Welcome to Home</title>\r\n    <link href=\"https://cdn.jsdelivr.net/npm/bootstrap@5.0.0-beta2/dist/css/bootstrap.min.css\" rel=\"stylesheet\"\r\n          integrity=\"sha384-BmbxuPwQa2lc/FVzBcNJ7UAyJxM6wuqIj61tLrc4wSX0szH/Ev+nYRRuWlolflfl\" crossorigin=\"anonymous\">\r\n    <script src=\"https://cdn.jsdelivr.net/npm/bootstrap@5.0.0-beta2/dist/js/bootstrap.bundle.min.js\"\r\n            integrity=\"sha384-b5kHyXgcpbZJO/tY9Ul7kGkf1S0CWuKcCD38l8YkeH8z8QjE0GmW1gYU5S9FOnJ0\"\r\n            crossorigin=\"anonymous\"></script>\r\n</head>\r\n<body>\r\n\r\n<div>\r\n    <h1>List of Authors</h1>\r\n</div>\r\n\r\n<div>\r\n    <table class=\"table table-striped table-bordered\">\r\n        <thead class=\"thead-dark\">\r\n        <tr>\r\n            <th>Author ID</th>\r\n            <th>First Name</th>\r\n            <th>Last Name</th>\r\n        </tr>\r\n        </thead>\r\n        <tbody>\r\n        <tr>\r\n            <td>4</td>\r\n            <td>Margaret </td>\r\n            <td>Atwood</td>\r\n        </tr>\r\n        <tr>\r\n            <td>14</td>\r\n            <td>Jokha </td>\r\n            <td>Alharthi</td>\r\n        </tr>\r\n        <tr>\r\n            <td>24</td>\r\n            <td>Richard </td>\r\n            <td>Powers</td>\r\n        </tr>\r\n        <tr>\r\n            <td>34</td>\r\n            <td>Harper </td>\r\n            <td>Lee</td>\r\n        </tr>\r\n        <tr>\r\n            <td>44</td>\r\n            <td>Scott </td>\r\n            <td>Fitzgerald</td>\r\n        </tr>\r\n        <tr>\r\n            <td>54</td>\r\n            <td>Alexander </td>\r\n            <td>Pushkin</td>\r\n        </tr>\r\n        <tr>\r\n            <td>64</td>\r\n            <td>Vladimir </td>\r\n            <td>Dostoewski</td>\r\n        </tr>\r\n        <tr>\r\n            <td>74</td>\r\n            <td>Vladimir </td>\r\n            <td>Dostoewski</td>\r\n        </tr>\r\n        <tr>\r\n            <td>84</td>\r\n            <td>Vladimir </td>\r\n            <td>Dostoewski</td>\r\n        </tr>\r\n        <tr>\r\n            <td>94</td>\r\n            <td>Vladimir </td>\r\n            <td>Dostoewski</td>\r\n        </tr>\r\n        <tr>\r\n            <td>214</td>\r\n            <td>Vladimir </td>\r\n            <td>Mix</td>\r\n        </tr>\r\n        <tr>\r\n            <td>224</td>\r\n            <td>Mike</td>\r\n            <td>Vazowski</td>\r\n        </tr>\r\n        </tbody>\r\n        <h4><a href=\"/\">Main page</a></h4>\r\n        <h5> <a href=\"/author-create\">Create author</a></h5>\r\n    </table>\r\n\r\n</div>\r\n</div>\r\n</body>\r\n</html>"}
2021-07-21 00:37:45,419 [http-nio-8080-exec-10] TRACE org.zalando.logbook.Logbook                        - {"origin":"remote","type":"request","correlation":"dea14beb9f6e25f8","protocol":"HTTP/1.1","remote":"0:0:0:0:0:0:0:1","method":"GET","uri":"http://localhost:8080/author-create","headers":{"accept":["text/html,application/xhtml+xml,application/xml;q=0.9,image/avif,image/webp,image/apng,*/*;q=0.8,application/signed-exchange;v=b3;q=0.9"],"accept-encoding":["gzip, deflate, br"],"accept-language":["ru-RU,ru;q=0.9,en-US;q=0.8,en;q=0.7"],"connection":["keep-alive"],"cookie":["Idea-2a1fd8ec=62330cb7-22d1-4ac9-822c-ba9e5b5293a0; Idea-2a1fd52d=78cede7f-bd77-49e0-838f-6aa5ac3ea8bf; JSESSIONID=F69D8A9D4B9A76DF7E64EA23736F65F1"],"host":["localhost:8080"],"referer":["http://localhost:8080/authors"],"sec-ch-ua":["\" Not;A Brand\";v=\"99\", \"Google Chrome\";v=\"91\", \"Chromium\";v=\"91\""],"sec-ch-ua-mobile":["?0"],"sec-fetch-dest":["document"],"sec-fetch-mode":["navigate"],"sec-fetch-site":["same-origin"],"sec-fetch-user":["?1"],"upgrade-insecure-requests":["1"],"user-agent":["Mozilla/5.0 (Windows NT 10.0; Win64; x64) AppleWebKit/537.36 (KHTML, like Gecko) Chrome/91.0.4472.124 Safari/537.36"]}}
2021-07-21 00:37:45,420 [http-nio-8080-exec-10] DEBUG o.s.w.filter.CommonsRequestLoggingFilter           - Before request [GET /author-create]
2021-07-21 00:37:45,478 [http-nio-8080-exec-10] DEBUG o.s.w.filter.CommonsRequestLoggingFilter           - REQUEST DATA: GET /author-create]
2021-07-21 00:37:45,481 [http-nio-8080-exec-10] TRACE org.zalando.logbook.Logbook                        - {"origin":"local","type":"response","correlation":"dea14beb9f6e25f8","duration":61,"protocol":"HTTP/1.1","status":200,"headers":{"Cache-Control":["no-cache, no-store, max-age=0, must-revalidate"],"Connection":["keep-alive"],"Content-Language":["ru-RU"],"Content-Type":["text/html;charset=UTF-8"],"Date":["Tue, 20 Jul 2021 21:37:45 GMT"],"Expires":["0"],"Keep-Alive":["timeout=60"],"Pragma":["no-cache"],"Transfer-Encoding":["chunked"],"X-Content-Type-Options":["nosniff"],"X-Frame-Options":["DENY"],"X-XSS-Protection":["1; mode=block"]},"body":"<!DOCTYPE html>\r\n<html>\r\n<head>\r\n    <meta charset=\"UTF-8\">\r\n    <title>Title</title>\r\n    <link href=\"https://cdn.jsdelivr.net/npm/bootstrap@5.0.0-beta2/dist/css/bootstrap.min.css\" rel=\"stylesheet\"\r\n          integrity=\"sha384-BmbxuPwQa2lc/FVzBcNJ7UAyJxM6wuqIj61tLrc4wSX0szH/Ev+nYRRuWlolflfl\" crossorigin=\"anonymous\">\r\n    <script src=\"https://cdn.jsdelivr.net/npm/bootstrap@5.0.0-beta2/dist/js/bootstrap.bundle.min.js\"\r\n            integrity=\"sha384-b5kHyXgcpbZJO/tY9Ul7kGkf1S0CWuKcCD38l8YkeH8z8QjE0GmW1gYU5S9FOnJ0\"\r\n            crossorigin=\"anonymous\"></script>\r\n</head>\r\n<body>\r\n<form action=\"/author-create\" method=\"post\"><input type=\"hidden\" name=\"_csrf\" value=\"0709d102-a1dc-48ed-a37e-db6cd9c34646\"/>\r\n    <label for=\"firstName\">First name</label>\r\n    <input type=\"text\" id=\"firstName\" placeholder=\"First Name\" name=\"firstName\" value=\"\">\r\n    <label for=\"lastName\">Last name</label>\r\n    <input type=\"text\" id=\"lastName\" placeholder=\"Last Name\" name=\"lastName\" value=\"\">\r\n    <input type=\"submit\" value=\"Create Author\">\r\n</form>\r\n</body>\r\n</html>\r\n"}
2021-07-21 00:37:50,755 [http-nio-8080-exec-2] TRACE org.zalando.logbook.Logbook                        - {"origin":"remote","type":"request","correlation":"984192e0e2856d16","protocol":"HTTP/1.1","remote":"0:0:0:0:0:0:0:1","method":"POST","uri":"http://localhost:8080/author-create","headers":{"accept":["text/html,application/xhtml+xml,application/xml;q=0.9,image/avif,image/webp,image/apng,*/*;q=0.8,application/signed-exchange;v=b3;q=0.9"],"accept-encoding":["gzip, deflate, br"],"accept-language":["ru-RU,ru;q=0.9,en-US;q=0.8,en;q=0.7"],"cache-control":["max-age=0"],"connection":["keep-alive"],"content-length":["75"],"content-type":["application/x-www-form-urlencoded"],"cookie":["Idea-2a1fd8ec=62330cb7-22d1-4ac9-822c-ba9e5b5293a0; Idea-2a1fd52d=78cede7f-bd77-49e0-838f-6aa5ac3ea8bf; JSESSIONID=F69D8A9D4B9A76DF7E64EA23736F65F1"],"host":["localhost:8080"],"origin":["http://localhost:8080"],"referer":["http://localhost:8080/author-create"],"sec-ch-ua":["\" Not;A Brand\";v=\"99\", \"Google Chrome\";v=\"91\", \"Chromium\";v=\"91\""],"sec-ch-ua-mobile":["?0"],"sec-fetch-dest":["document"],"sec-fetch-mode":["navigate"],"sec-fetch-site":["same-origin"],"sec-fetch-user":["?1"],"upgrade-insecure-requests":["1"],"user-agent":["Mozilla/5.0 (Windows NT 10.0; Win64; x64) AppleWebKit/537.36 (KHTML, like Gecko) Chrome/91.0.4472.124 Safari/537.36"]}}
2021-07-21 00:37:50,755 [http-nio-8080-exec-2] DEBUG o.s.w.filter.CommonsRequestLoggingFilter           - Before request [POST /author-create]
2021-07-21 00:37:52,101 [http-nio-8080-exec-2] DEBUG o.s.w.filter.CommonsRequestLoggingFilter           - REQUEST DATA: POST /author-create, payload=_csrf=0709d102-a1dc-48ed-a37e-db6cd9c34646&firstName=Mike&lastName=Vazovski]
2021-07-21 00:37:52,104 [http-nio-8080-exec-2] TRACE org.zalando.logbook.Logbook                        - {"origin":"local","type":"response","correlation":"984192e0e2856d16","duration":1350,"protocol":"HTTP/1.1","status":302,"headers":{"Cache-Control":["no-cache, no-store, max-age=0, must-revalidate"],"Expires":["0"],"Location":["http://localhost:8080/authors"],"Pragma":["no-cache"],"X-Content-Type-Options":["nosniff"],"X-Frame-Options":["DENY"],"X-XSS-Protection":["1; mode=block"]}}
2021-07-21 00:37:52,117 [http-nio-8080-exec-4] TRACE org.zalando.logbook.Logbook                        - {"origin":"remote","type":"request","correlation":"afe71bb964086748","protocol":"HTTP/1.1","remote":"0:0:0:0:0:0:0:1","method":"GET","uri":"http://localhost:8080/authors","headers":{"accept":["text/html,application/xhtml+xml,application/xml;q=0.9,image/avif,image/webp,image/apng,*/*;q=0.8,application/signed-exchange;v=b3;q=0.9"],"accept-encoding":["gzip, deflate, br"],"accept-language":["ru-RU,ru;q=0.9,en-US;q=0.8,en;q=0.7"],"cache-control":["max-age=0"],"connection":["keep-alive"],"cookie":["Idea-2a1fd8ec=62330cb7-22d1-4ac9-822c-ba9e5b5293a0; Idea-2a1fd52d=78cede7f-bd77-49e0-838f-6aa5ac3ea8bf; JSESSIONID=F69D8A9D4B9A76DF7E64EA23736F65F1"],"host":["localhost:8080"],"referer":["http://localhost:8080/author-create"],"sec-ch-ua":["\" Not;A Brand\";v=\"99\", \"Google Chrome\";v=\"91\", \"Chromium\";v=\"91\""],"sec-ch-ua-mobile":["?0"],"sec-fetch-dest":["document"],"sec-fetch-mode":["navigate"],"sec-fetch-site":["same-origin"],"sec-fetch-user":["?1"],"upgrade-insecure-requests":["1"],"user-agent":["Mozilla/5.0 (Windows NT 10.0; Win64; x64) AppleWebKit/537.36 (KHTML, like Gecko) Chrome/91.0.4472.124 Safari/537.36"]}}
2021-07-21 00:37:52,118 [http-nio-8080-exec-4] DEBUG o.s.w.filter.CommonsRequestLoggingFilter           - Before request [GET /authors]
2021-07-21 00:37:52,975 [http-nio-8080-exec-4] DEBUG o.s.w.filter.CommonsRequestLoggingFilter           - REQUEST DATA: GET /authors]
2021-07-21 00:37:52,977 [http-nio-8080-exec-4] TRACE org.zalando.logbook.Logbook                        - {"origin":"local","type":"response","correlation":"afe71bb964086748","duration":859,"protocol":"HTTP/1.1","status":200,"headers":{"Cache-Control":["no-cache, no-store, max-age=0, must-revalidate"],"Connection":["keep-alive"],"Content-Language":["ru-RU"],"Content-Type":["text/html;charset=UTF-8"],"Date":["Tue, 20 Jul 2021 21:37:52 GMT"],"Expires":["0"],"Keep-Alive":["timeout=60"],"Pragma":["no-cache"],"Transfer-Encoding":["chunked"],"X-Content-Type-Options":["nosniff"],"X-Frame-Options":["DENY"],"X-XSS-Protection":["1; mode=block"]},"body":"<!DOCTYPE html>\r\n<html>\r\n<head>\r\n    <meta charset=\"ISO-8859-1\">\r\n    <title>Welcome to Home</title>\r\n    <link href=\"https://cdn.jsdelivr.net/npm/bootstrap@5.0.0-beta2/dist/css/bootstrap.min.css\" rel=\"stylesheet\"\r\n          integrity=\"sha384-BmbxuPwQa2lc/FVzBcNJ7UAyJxM6wuqIj61tLrc4wSX0szH/Ev+nYRRuWlolflfl\" crossorigin=\"anonymous\">\r\n    <script src=\"https://cdn.jsdelivr.net/npm/bootstrap@5.0.0-beta2/dist/js/bootstrap.bundle.min.js\"\r\n            integrity=\"sha384-b5kHyXgcpbZJO/tY9Ul7kGkf1S0CWuKcCD38l8YkeH8z8QjE0GmW1gYU5S9FOnJ0\"\r\n            crossorigin=\"anonymous\"></script>\r\n</head>\r\n<body>\r\n\r\n<div>\r\n    <h1>List of Authors</h1>\r\n</div>\r\n\r\n<div>\r\n    <table class=\"table table-striped table-bordered\">\r\n        <thead class=\"thead-dark\">\r\n        <tr>\r\n            <th>Author ID</th>\r\n            <th>First Name</th>\r\n            <th>Last Name</th>\r\n        </tr>\r\n        </thead>\r\n        <tbody>\r\n        <tr>\r\n            <td>4</td>\r\n            <td>Margaret </td>\r\n            <td>Atwood</td>\r\n        </tr>\r\n        <tr>\r\n            <td>14</td>\r\n            <td>Jokha </td>\r\n            <td>Alharthi</td>\r\n        </tr>\r\n        <tr>\r\n            <td>24</td>\r\n            <td>Richard </td>\r\n            <td>Powers</td>\r\n        </tr>\r\n        <tr>\r\n            <td>34</td>\r\n            <td>Harper </td>\r\n            <td>Lee</td>\r\n        </tr>\r\n        <tr>\r\n            <td>44</td>\r\n            <td>Scott </td>\r\n            <td>Fitzgerald</td>\r\n        </tr>\r\n        <tr>\r\n            <td>54</td>\r\n            <td>Alexander </td>\r\n            <td>Pushkin</td>\r\n        </tr>\r\n        <tr>\r\n            <td>64</td>\r\n            <td>Vladimir </td>\r\n            <td>Dostoewski</td>\r\n        </tr>\r\n        <tr>\r\n            <td>74</td>\r\n            <td>Vladimir </td>\r\n            <td>Dostoewski</td>\r\n        </tr>\r\n        <tr>\r\n            <td>84</td>\r\n            <td>Vladimir </td>\r\n            <td>Dostoewski</td>\r\n        </tr>\r\n        <tr>\r\n            <td>94</td>\r\n            <td>Vladimir </td>\r\n            <td>Dostoewski</td>\r\n        </tr>\r\n        <tr>\r\n            <td>214</td>\r\n            <td>Vladimir </td>\r\n            <td>Mix</td>\r\n        </tr>\r\n        <tr>\r\n            <td>224</td>\r\n            <td>Mike</td>\r\n            <td>Vazowski</td>\r\n        </tr>\r\n        <tr>\r\n            <td>244</td>\r\n            <td>Mike</td>\r\n            <td>Vazovski</td>\r\n        </tr>\r\n        </tbody>\r\n        <h4><a href=\"/\">Main page</a></h4>\r\n        <h5> <a href=\"/author-create\">Create author</a></h5>\r\n    </table>\r\n\r\n</div>\r\n</div>\r\n</body>\r\n</html>"}
